model name	size	time solver	obj solver	time pulp	obj pulp	obj matched?
25FV47	((821, 1571), 10400)	2.221	5.5018e+03	0.315	5.5018e+03	True
80BAU3B	((2262, 9799), 21002)	3.940	9.8722e+05	0.671	9.8722e+05	True
ADLITTLE	((56, 97), 383)	0.064	2.2549e+05	0.018	2.2549e+05	True
AFIRO	((27, 32), 83)	0.025	-4.6475e+02	0.013	-4.6475e+02	True
AGG	((488, 163), 2410)	0.069	-3.5992e+07	0.049	-3.5992e+07	True
AGG2	((516, 302), 4284)	0.109	-2.0239e+07	0.056	-2.0239e+07	True
AGG3	((516, 302), 4300)	0.101	1.0312e+07	0.063	1.0312e+07	True
BANDM	((305, 472), 2494)	0.243	-1.5863e+02	0.049	-1.5863e+02	True
BEACONFD	((173, 262), 3375)	0.078	3.3592e+04	0.042	3.3592e+04	True
BLEND	((74, 83), 491)	0.064	-3.0812e+01	0.021	-3.0812e+01	True
BNL1	((643, 1175), 5121)	0.575	1.9776e+03	0.141	1.9776e+03	True
BNL2	((2324, 3489), 13999)	1.273	1.8112e+03	0.333	1.8112e+03	True
BOEING1	((351, 473), 3574)	0.233	-3.3521e+02	0.053	-3.3521e+02	True
BOEING2	((166, 162), 1215)	0.065	-3.1502e+02	0.027	-3.1502e+02	True
BORE3D	((233, 315), 1429)	0.077	1.3731e+03	0.031	1.3731e+03	True
BRANDY	((220, 249), 2148)	0.133	1.5185e+03	0.037	1.5185e+03	True
CAPRI	((271, 353), 1767)	0.148	2.6900e+03	0.036	2.6900e+03	True
CRE-A	((3516, 4067), 14987)	2.330	2.3595e+07	0.338	2.3595e+07	True
CRE-B	((9648, 72447), 256095)	27.231	2.3130e+07	5.806	2.3130e+07	True
CRE-C	((3068, 3678), 13244)	1.990	2.5275e+07	0.294	2.5275e+07	True
CRE-D	((8926, 69980), 242646)	11.407	2.4455e+07	4.367	2.4455e+07	True
CYCLE	((1903, 2857), 20720)	0.480	-5.2249e+00	0.268	-5.2264e+00	False
CZPROB	((929, 3523), 10669)	0.644	2.1852e+06	0.178	2.1852e+06	True
D2Q06C	((2171, 5167), 32417)	8.849	1.2278e+05	1.994	1.2278e+05	True
D6CUBE	((415, 6184), 37704)	0.432	3.1549e+02	0.484	3.1549e+02	True
DEGEN2	((444, 534), 3978)	0.358	-1.4352e+03	0.069	-1.4352e+03	True
DEGEN3	((1503, 1818), 24646)	2.807	-9.8729e+02	0.413	-9.8729e+02	True
DFL001	((6071, 12230), 35632)	88.632	1.1266e+07	12.116	1.1266e+07	True
E226	((223, 282), 2578)	0.206	-1.8752e+01	0.044	-1.8752e+01	True
ETAMACRO	((400, 688), 2409)	0.364	-7.5572e+02	0.056	-7.5572e+02	True
FFFFF800	((524, 854), 6227)	0.402	5.5568e+05	0.129	5.5568e+05	True
FINNIS	((497, 614), 2310)	0.174	1.7279e+05	0.054	1.7279e+05	True
FIT1D	((24, 1026), 13404)	0.060	-9.1464e+03	0.118	-9.1464e+03	True
FIT1P	((627, 1677), 9868)	0.656	9.1464e+03	0.137	9.1464e+03	True
FIT2D	((25, 10500), 129018)	0.241	-6.8464e+04	1.287	-6.8464e+04	True
FIT2P	((3000, 13525), 50284)	12.622	6.8464e+04	2.313	6.8464e+04	True
FORPLAN	((161, 422), 4564)	0.145	-6.6422e+02	0.053	-6.6422e+02	True
GANGES	((1309, 1681), 6912)	0.642	-1.0959e+05	0.123	-1.0959e+05	True
GFRD-PNC	((616, 1092), 2377)	0.255	6.9022e+06	0.067	6.9022e+06	True
GREENBEA	((2392, 5405), 30877)	4.262	-7.2555e+07	1.167	-7.2555e+07	True
GREENBEB	((2392, 5405), 30877)	6.858	-4.3023e+06	0.859	-4.3023e+06	True
GROW15	((300, 645), 5620)	1.048	-1.0687e+08	0.072	-1.0687e+08	True
GROW22	((440, 946), 8252)	2.775	-1.6083e+08	0.112	-1.6083e+08	True
GROW7	((140, 301), 2612)	0.288	-4.7788e+07	0.039	-4.7788e+07	True
ISRAEL	((174, 142), 2269)	0.088	-8.9664e+05	0.033	-8.9664e+05	True
KB2	((43, 41), 286)	0.045	-1.7499e+03	0.015	-1.7499e+03	True
LOTFI	((153, 308), 1078)	0.124	-2.5265e+01	0.029	-2.5265e+01	True
MAROS-R7	((3136, 9408), 144848)	27.776	1.4972e+06	17.393	1.4972e+06	True
MAROS	((846, 1443), 9614)	1.018	-5.8064e+04	0.157	-5.8064e+04	True
MODSZK1	((687, 1620), 3168)	0.429	3.2062e+02	0.086	3.2062e+02	True
NESM	((662, 3011), 13376)	1.443	1.4076e+07	0.232	1.4076e+07	True
OSA-07	((1118, 23949), 143694)	0.816	5.3572e+05	1.886	5.3572e+05	True
OSA-14	((2337, 52460), 314760)	2.901	1.1065e+06	4.447	1.1065e+06	True
OSA-30	((4350, 100024), 600138)	11.687	2.1421e+06	9.440	2.1421e+06	True
OSA-60	((10280, 232966), 1397793)	70.508	4.0441e+06	28.349	4.0441e+06	True
PEROLD	((625, 1376), 6018)	1.040	-9.3804e+03	0.208	-9.3808e+03	True
PILOT-JA	((940, 1988), 14698)	1.640	-6.1130e+03	0.837	-6.1131e+03	True
PILOT-WE	((722, 2789), 9126)	2.224	-2.7201e+06	0.374	-2.7201e+06	True
PILOT	((1441, 3652), 43167)	10.006	-5.5747e+02	2.065	-5.5749e+02	True
PILOT4	((410, 1000), 5141)	0.532	-2.5811e+03	0.234	-2.5811e+03	True
PILOT87	((2030, 4883), 73152)	66.183	3.0180e+02	6.024	3.0171e+02	False
PILOTNOV	((975, 2172), 13057)	1.329	-4.4973e+03	0.242	-4.4973e+03	True
RECIPELP	((91, 180), 663)	0.056	-2.6662e+02	0.024	-2.6662e+02	True
SC105	((105, 103), 280)	0.090	-5.2202e+01	0.018	-5.2202e+01	True
SC205	((205, 203), 551)	0.238	-5.2202e+01	0.027	-5.2202e+01	True
SC50A	((50, 48), 130)	0.076	-6.4575e+01	0.019	-6.4575e+01	True
SC50B	((50, 48), 118)	0.071	-7.0000e+01	0.020	-7.0000e+01	True
SCAGR25	((471, 500), 1554)	0.281	-1.4753e+07	0.050	-1.4753e+07	True
SCAGR7	((129, 140), 420)	0.095	-2.3314e+06	0.021	-2.3314e+06	True
SCFXM1	((330, 457), 2589)	0.325	1.8417e+04	0.052	1.8417e+04	True
SCFXM2	((660, 914), 5183)	0.591	3.6660e+04	0.095	3.6660e+04	True
SCFXM3	((990, 1371), 7777)	0.928	5.4901e+04	0.141	5.4901e+04	True
SCORPION	((388, 358), 1426)	0.114	1.8781e+03	0.037	1.8781e+03	True
SCRS8	((490, 1169), 3182)	0.340	9.0430e+02	0.080	9.0430e+02	True
SCSD1	((77, 760), 2388)	0.055	8.6667e+00	0.042	8.6667e+00	True
SCSD6	((147, 1350), 4316)	0.167	5.0500e+01	0.075	5.0500e+01	True
SCSD8	((397, 2750), 8584)	0.769	9.0500e+02	0.214	9.0500e+02	True
SCTAP1	((300, 480), 1692)	0.233	1.4123e+03	0.050	1.4122e+03	True
SCTAP2	((1090, 1880), 6714)	0.556	1.7248e+03	0.157	1.7248e+03	True
SCTAP3	((1480, 2480), 8874)	0.861	1.4240e+03	0.205	1.4240e+03	True
SEBA	((515, 1035), 4359)	0.366	1.5712e+04	0.072	1.5712e+04	True
SHARE1B	((117, 225), 1151)	0.099	-7.6589e+04	0.038	-7.6589e+04	True
SHARE2B	((96, 79), 694)	0.091	-4.1573e+02	0.022	-4.1573e+02	True
SHELL	((536, 1775), 3556)	0.327	1.2088e+09	0.120	1.2088e+09	True
SHIP04L	((402, 2118), 6332)	0.235	1.7933e+06	0.161	1.7933e+06	True
SHIP04S	((402, 1458), 4352)	0.173	1.7987e+06	0.077	1.7987e+06	True
SHIP08L	((778, 4283), 12802)	0.497	1.9091e+06	0.295	1.9091e+06	True
SHIP08S	((778, 2387), 7114)	0.306	1.9201e+06	0.151	1.9201e+06	True
SHIP12L	((1151, 5427), 16170)	0.735	1.4702e+06	0.333	1.4702e+06	True
SHIP12S	((1151, 2763), 8178)	0.400	1.4892e+06	0.270	1.4892e+06	True
SIERRA	((1227, 2036), 7302)	0.460	1.5394e+07	0.198	1.5394e+07	True
STAIR	((356, 467), 3856)	0.354	-2.5127e+02	0.067	-2.5127e+02	True
STANDATA	((359, 1075), 3031)	0.049	1.2577e+03	0.061	1.2577e+03	True
STANDGUB	((361, 1184), 3139)	0.048	1.2577e+03	0.060	1.2577e+03	True
STANDMPS	((467, 1075), 3679)	0.174	1.4060e+03	0.070	1.4060e+03	True
STOCFOR1	((117, 111), 447)	0.099	-4.1132e+04	0.034	-4.1132e+04	True
STOCFOR2	((2157, 2031), 8343)	1.956	-3.9024e+04	0.266	-3.9024e+04	True
STOCFOR3	((16675, 15695), 64875)	63.485	-3.9977e+04	2.238	-3.9977e+04	True
TRUSS	((1000, 8806), 27836)	22.637	4.5882e+05	4.366	4.5882e+05	True
TUFF	((333, 587), 4520)	0.147	2.9215e-01	0.058	2.9215e-01	True
VTP-BASE	((198, 203), 908)	0.047	1.2983e+05	0.025	1.2983e+05	True
WOOD1P	((244, 2594), 70215)	0.152	1.4429e+00	0.546	1.4429e+00	True
WOODW	((1098, 8405), 37474)	1.337	1.3045e+00	0.477	1.3045e+00	True
